2019-11-29 11:06:58,121  INFO [main] LogReports:24 - Chrome browser launched...
2019-11-29 11:07:02,365  INFO [main] LogReports:24 - Application is open...
2019-11-29 11:07:22,438  INFO [main] LogReports:24 - Chrome browser launched...
2019-11-29 11:07:26,731  INFO [main] LogReports:24 - Application is open...
2019-11-29 11:08:06,817  INFO [main] LogReports:24 - Chrome browser launched...
2019-11-29 11:08:11,095  INFO [main] LogReports:24 - Application is open...
2019-11-29 11:27:28,036  INFO [main] LogReports:24 - Chrome browser launched...
2019-11-29 11:27:32,326  INFO [main] LogReports:24 - Application is open...
2019-11-29 11:27:39,708  INFO [main] LogReports:24 - STEP#1: validate home page
2019-11-29 11:27:39,709  INFO [main] LogReports:24 - validating homepage
2019-11-29 11:32:40,886  INFO [main] LogReports:24 - Chrome browser launched...
2019-11-29 11:32:45,109  INFO [main] LogReports:24 - Application is open...
2019-11-29 11:32:51,981  INFO [main] LogReports:24 - STEP#1: validate home page
2019-11-29 11:32:51,995  INFO [main] LogReports:24 - validating homepage
2019-11-29 11:32:52,259  INFO [main] LogReports:24 - Successfully validated HOME
2019-11-29 11:41:23,050  INFO [main] LogReports:24 - Chrome browser launched...
2019-11-29 11:41:27,323  INFO [main] LogReports:24 - Application is open...
2019-11-29 11:41:33,425  INFO [main] LogReports:24 - STEP#1: validate home page
2019-11-29 11:41:33,425  INFO [main] LogReports:24 - validating homepage
2019-11-29 11:41:33,638  INFO [main] LogReports:24 - Successfully validated HOME
2019-11-29 11:41:33,638  INFO [main] LogReports:24 - STEP#2: fetch required destination from excel
2019-11-29 11:41:33,641  INFO [main] LogReports:24 - STEP#3: enter the destination
2019-11-29 11:45:03,160  INFO [main] LogReports:24 - Chrome browser launched...
2019-11-29 11:45:07,424  INFO [main] LogReports:24 - Application is open...
2019-11-29 11:45:14,385  INFO [main] LogReports:24 - STEP#1: validate home page
2019-11-29 11:45:14,386  INFO [main] LogReports:24 - validating homepage
2019-11-29 11:45:14,662  INFO [main] LogReports:24 - Successfully validated HOME
2019-11-29 11:45:14,663  INFO [main] LogReports:24 - STEP#2: fetch required destination from excel
2019-11-29 11:45:14,665  INFO [main] LogReports:24 - STEP#3: enter the destination
2019-11-29 11:48:26,259  INFO [main] LogReports:24 - Chrome browser launched...
2019-11-29 11:48:30,607  INFO [main] LogReports:24 - Application is open...
2019-11-29 11:48:37,279  INFO [main] LogReports:24 - STEP#1: validate home page
2019-11-29 11:48:37,281  INFO [main] LogReports:24 - validating homepage
2019-11-29 11:48:37,563  INFO [main] LogReports:24 - Successfully validated HOME
2019-11-29 11:48:37,564  INFO [main] LogReports:24 - STEP#2: fetch required destination from excel
2019-11-29 11:48:57,696  INFO [main] LogReports:24 - Element not clicked
2019-11-29 11:48:57,707  INFO [main] LogReports:24 - STEP#3: enter the destination
2019-11-29 11:56:01,254  INFO [main] LogReports:24 - Chrome browser launched...
2019-11-29 11:56:05,525  INFO [main] LogReports:24 - Application is open...
2019-11-29 11:56:12,301  INFO [main] LogReports:24 - STEP#1: validate home page
2019-11-29 11:56:12,334  INFO [main] LogReports:24 - validating homepage
2019-11-29 11:56:12,562  INFO [main] LogReports:24 - Successfully validated HOME
2019-11-29 11:56:12,562  INFO [main] LogReports:24 - STEP#2: fetch required destination from excel
2019-11-29 11:56:37,653  INFO [main] LogReports:24 - Element not clicked
2019-11-29 11:56:37,662  INFO [main] LogReports:24 - STEP#3: enter the destination
2019-11-29 13:33:30,242  INFO [main] LogReports:24 - Chrome browser launched...
2019-11-29 13:33:34,525  INFO [main] LogReports:24 - Application is open...
2019-11-29 13:33:43,411  INFO [main] LogReports:24 - STEP#1: validate home page
2019-11-29 13:33:43,411  INFO [main] LogReports:24 - validating homepage
2019-11-29 13:33:43,628  INFO [main] LogReports:24 - Successfully validated HOME
2019-11-29 13:34:03,698  INFO [main] LogReports:24 - Element not clicked
2019-11-29 13:34:03,706  INFO [main] LogReports:24 - STEP#2: fetch required destination city from excel
2019-11-29 13:34:03,706  INFO [main] LogReports:24 - STEP#3: enter the destination
2019-11-29 13:36:40,030  INFO [main] LogReports:24 - Chrome browser launched...
2019-11-29 13:36:44,304  INFO [main] LogReports:24 - Application is open...
2019-11-29 13:36:51,773  INFO [main] LogReports:24 - STEP#1: validate home page
2019-11-29 13:36:51,773  INFO [main] LogReports:24 - validating homepage
2019-11-29 13:36:52,008  INFO [main] LogReports:24 - Successfully validated HOME
2019-11-29 13:37:12,063  INFO [main] LogReports:24 - Element not clicked
2019-11-29 13:39:21,579  INFO [main] LogReports:24 - Chrome browser launched...
2019-11-29 13:39:25,826  INFO [main] LogReports:24 - Application is open...
2019-11-29 13:39:33,577  INFO [main] LogReports:24 - STEP#1: validate home page
2019-11-29 13:39:33,578  INFO [main] LogReports:24 - validating homepage
2019-11-29 13:39:33,841  INFO [main] LogReports:24 - Successfully validated HOME
2019-11-29 13:39:53,917  INFO [main] LogReports:24 - Element not clicked
2019-11-29 13:41:30,038  INFO [main] LogReports:24 - Chrome browser launched...
2019-11-29 13:41:34,281  INFO [main] LogReports:24 - Application is open...
2019-11-29 13:41:42,415  INFO [main] LogReports:24 - STEP#1: validate home page
2019-11-29 13:41:42,416  INFO [main] LogReports:24 - validating homepage
2019-11-29 13:41:42,697  INFO [main] LogReports:24 - Successfully validated HOME
2019-11-29 13:42:02,746  INFO [main] LogReports:24 - Element not clicked
2019-11-29 17:14:35,905  INFO [main] LogReports:24 - Chrome browser launched...
2019-11-29 17:14:40,141  INFO [main] LogReports:24 - Application is open...
2019-11-29 17:14:48,645  INFO [main] LogReports:24 - STEP#1: validate home page
2019-11-29 17:14:48,645  INFO [main] LogReports:24 - validating homepage
2019-11-29 17:14:48,882  INFO [main] LogReports:24 - Successfully validated HOME
2019-11-29 17:14:48,882  INFO [main] LogReports:24 - STEP#2: click on destonation box
2019-11-29 17:15:08,936  INFO [main] LogReports:24 - Element not clicked
2019-11-29 17:15:08,939  INFO [main] LogReports:24 - STEP#3: fetch required destination city from excel
2019-11-29 17:15:08,941  INFO [main] LogReports:24 - STEP#4: enter the destination
2019-11-29 17:20:54,334  INFO [main] LogReports:24 - Chrome browser launched...
2019-11-29 17:20:58,573  INFO [main] LogReports:24 - Application is open...
2019-11-29 17:21:05,626  INFO [main] LogReports:24 - STEP#1: validate home page
2019-11-29 17:21:05,627  INFO [main] LogReports:24 - validating homepage
2019-11-29 17:21:05,857  INFO [main] LogReports:24 - Successfully validated HOME
2019-11-29 17:23:05,833  INFO [main] LogReports:24 - Chrome browser launched...
2019-11-29 17:23:10,084  INFO [main] LogReports:24 - Application is open...
2019-11-29 17:23:16,862  INFO [main] LogReports:24 - STEP#1: validate home page
2019-11-29 17:23:16,864  INFO [main] LogReports:24 - validating homepage
2019-11-29 17:23:17,199  INFO [main] LogReports:24 - Successfully validated HOME
2019-11-29 17:25:43,151  INFO [main] LogReports:24 - Chrome browser launched...
2019-11-29 17:25:47,405  INFO [main] LogReports:24 - Application is open...
2019-11-29 17:25:54,066  INFO [main] LogReports:24 - STEP#1: validate home page
2019-11-29 17:25:54,066  INFO [main] LogReports:24 - validating homepage
2019-11-29 17:25:54,299  INFO [main] LogReports:24 - Successfully validated HOME
2019-11-29 17:25:54,399  INFO [main] LogReports:24 - STEP#2: click on destonation box
2019-11-29 17:26:11,988  INFO [main] LogReports:24 - Element not clicked
2019-11-29 17:26:12,017  INFO [main] LogReports:24 - STEP#3: fetch required destination city from excel
2019-11-29 17:26:12,025  INFO [main] LogReports:24 - STEP#4: enter the destination
2019-11-29 17:26:38,558  INFO [main] LogReports:24 - Chrome browser launched...
2019-11-29 17:26:42,795  INFO [main] LogReports:24 - Application is open...
2019-11-29 17:26:49,377  INFO [main] LogReports:24 - STEP#1: validate home page
2019-11-29 17:26:49,378  INFO [main] LogReports:24 - validating homepage
2019-11-29 17:26:49,596  INFO [main] LogReports:24 - Successfully validated HOME
2019-11-29 17:26:49,683  INFO [main] LogReports:24 - STEP#2: click on destonation box
2019-11-29 17:27:09,745  INFO [main] LogReports:24 - Element not clicked
2019-11-29 17:27:09,750  INFO [main] LogReports:24 - STEP#3: fetch required destination city from excel
2019-11-29 17:27:09,752  INFO [main] LogReports:24 - STEP#4: enter the destination
2019-11-29 17:31:56,766  INFO [main] LogReports:24 - Chrome browser launched...
2019-11-29 17:32:01,008  INFO [main] LogReports:24 - Application is open...
2019-11-29 17:32:08,139  INFO [main] LogReports:24 - STEP#1: validate home page
2019-11-29 17:32:08,140  INFO [main] LogReports:24 - validating homepage
2019-11-29 17:32:08,393  INFO [main] LogReports:24 - Successfully validated HOME
2019-11-29 17:32:08,394  INFO [main] LogReports:24 - STEP#2: click on destonation box
2019-11-29 17:32:28,456  INFO [main] LogReports:24 - Element not clicked
2019-11-29 17:32:28,460  INFO [main] LogReports:24 - STEP#3: fetch required destination city from excel
2019-11-29 17:32:28,462  INFO [main] LogReports:24 - STEP#4: enter the destination
2019-11-29 17:44:11,795  INFO [main] LogReports:24 - Chrome browser launched...
2019-11-29 17:44:16,042  INFO [main] LogReports:24 - Application is open...
2019-11-29 17:44:22,704  INFO [main] LogReports:24 - STEP#1: validate home page
2019-11-29 17:44:22,705  INFO [main] LogReports:24 - validating homepage
2019-11-29 17:44:23,014  INFO [main] LogReports:24 - Successfully validated HOME
2019-11-29 17:44:23,015  INFO [main] LogReports:24 - STEP#2: click on destonation box
2019-11-29 17:44:43,091  INFO [main] LogReports:24 - Element not clicked
2019-11-29 17:44:43,095  INFO [main] LogReports:24 - STEP#3: fetch required destination city from excel
2019-11-29 17:44:43,097  INFO [main] LogReports:24 - STEP#4: enter the destination
2019-11-29 17:48:58,816  INFO [main] LogReports:24 - Chrome browser launched...
2019-11-29 17:49:03,051  INFO [main] LogReports:24 - Application is open...
2019-11-29 17:49:09,219  INFO [main] LogReports:24 - STEP#1: validate home page
2019-11-29 17:49:09,219  INFO [main] LogReports:24 - validating homepage
2019-11-29 17:49:09,483  INFO [main] LogReports:24 - Successfully validated HOME
2019-11-29 17:49:29,603  INFO [main] LogReports:24 - Element not clicked
2019-11-29 17:49:49,598  INFO [main] LogReports:24 - STEP#2: click on destonation box
2019-11-29 17:50:09,642  INFO [main] LogReports:24 - Element not clicked
2019-11-29 17:50:09,646  INFO [main] LogReports:24 - STEP#3: fetch required destination city from excel
2019-11-29 17:50:09,648  INFO [main] LogReports:24 - STEP#4: enter the destination
2019-11-29 17:52:11,159  INFO [main] LogReports:24 - Chrome browser launched...
2019-11-29 17:52:15,415  INFO [main] LogReports:24 - Application is open...
2019-11-29 17:52:21,753  INFO [main] LogReports:24 - STEP#1: validate home page
2019-11-29 17:52:21,754  INFO [main] LogReports:24 - validating homepage
2019-11-29 17:52:22,009  INFO [main] LogReports:24 - Successfully validated HOME
2019-11-29 17:52:42,124  INFO [main] LogReports:24 - Element not clicked
2019-11-29 17:53:02,192  INFO [main] LogReports:24 - Element not clicked
2019-11-29 17:53:22,249  INFO [main] LogReports:24 - Element not clicked
2019-11-29 17:53:22,252  INFO [main] LogReports:24 - STEP#2: click on destonation box
2019-11-29 17:53:42,332  INFO [main] LogReports:24 - Element not clicked
2019-11-29 17:53:42,336  INFO [main] LogReports:24 - STEP#3: fetch required destination city from excel
2019-11-29 17:53:42,338  INFO [main] LogReports:24 - STEP#4: enter the destination
2019-11-29 17:55:31,580  INFO [main] LogReports:24 - Chrome browser launched...
2019-11-29 17:55:35,817  INFO [main] LogReports:24 - Application is open...
2019-11-29 17:55:42,315  INFO [main] LogReports:24 - STEP#1: validate home page
2019-11-29 17:55:42,316  INFO [main] LogReports:24 - validating homepage
2019-11-29 17:55:42,566  INFO [main] LogReports:24 - Successfully validated HOME
2019-11-29 17:55:43,475  INFO [main] LogReports:24 - Element not clicked
2019-11-29 17:56:03,551  INFO [main] LogReports:24 - Element not clicked
2019-11-29 17:56:03,555  INFO [main] LogReports:24 - STEP#2: click on destonation box
2019-11-29 17:58:43,062  INFO [main] LogReports:24 - Chrome browser launched...
2019-11-29 17:58:47,299  INFO [main] LogReports:24 - Application is open...
2019-11-29 17:58:54,222  INFO [main] LogReports:24 - STEP#1: validate home page
2019-11-29 17:58:54,223  INFO [main] LogReports:24 - validating homepage
2019-11-29 17:58:54,449  INFO [main] LogReports:24 - Successfully validated HOME
2019-11-29 17:59:03,458  INFO [main] LogReports:24 - STEP#2: click on destonation box
2019-11-29 17:59:23,557  INFO [main] LogReports:24 - Element not clicked
2019-11-29 17:59:23,560  INFO [main] LogReports:24 - STEP#3: fetch required destination city from excel
2019-11-29 17:59:23,561  INFO [main] LogReports:24 - STEP#4: enter the destination
2019-11-29 18:09:18,313  INFO [main] LogReports:24 - Chrome browser launched...
2019-11-29 18:09:22,555  INFO [main] LogReports:24 - Application is open...
2019-11-29 18:09:29,374  INFO [main] LogReports:24 - STEP#1: validate home page
2019-11-29 18:09:29,375  INFO [main] LogReports:24 - validating homepage
2019-11-29 18:09:29,608  INFO [main] LogReports:24 - Successfully validated HOME
2019-11-29 18:09:32,498  INFO [main] LogReports:24 - STEP#2: click on destonation box
2019-11-29 18:09:32,697  INFO [main] LogReports:24 - Element not clicked
2019-11-29 18:09:32,703  INFO [main] LogReports:24 - STEP#3: fetch required destination city from excel
2019-11-29 18:09:32,712  INFO [main] LogReports:24 - STEP#4: enter the destination
2019-11-29 18:10:34,945  INFO [main] LogReports:24 - Chrome browser launched...
2019-11-29 18:10:39,169  INFO [main] LogReports:24 - Application is open...
2019-11-29 18:10:46,042  INFO [main] LogReports:24 - STEP#1: validate home page
2019-11-29 18:10:46,042  INFO [main] LogReports:24 - validating homepage
2019-11-29 18:10:46,287  INFO [main] LogReports:24 - Successfully validated HOME
2019-11-29 18:10:49,401  INFO [main] LogReports:24 - STEP#2: click on destonation box
2019-11-29 18:10:49,401  INFO [main] LogReports:24 - STEP#3: fetch required destination city from excel
2019-11-29 18:10:49,403  INFO [main] LogReports:24 - STEP#4: enter the destination
2019-11-29 18:11:39,495  INFO [main] LogReports:24 - Chrome browser launched...
2019-11-29 18:11:43,717  INFO [main] LogReports:24 - Application is open...
2019-11-29 18:11:50,445  INFO [main] LogReports:24 - STEP#1: validate home page
2019-11-29 18:11:50,446  INFO [main] LogReports:24 - validating homepage
2019-11-29 18:11:50,700  INFO [main] LogReports:24 - Successfully validated HOME
2019-11-29 18:11:55,023  INFO [main] LogReports:24 - STEP#2: click on destonation box
2019-11-29 18:11:55,024  INFO [main] LogReports:24 - STEP#3: fetch required destination city from excel
2019-11-29 18:11:55,026  INFO [main] LogReports:24 - STEP#4: enter the destination
2019-11-29 18:11:55,432  INFO [main] LogReports:24 - STEP#5: select checkin date
2019-11-29 18:11:57,132  INFO [main] LogReports:24 - STEP#6: select checkout date
2019-11-29 18:11:57,440  INFO [main] LogReports:24 - STEP#7: increasing no of adult passengers
2019-11-29 18:11:57,597  INFO [main] LogReports:24 - Element not clicked
2019-11-29 18:11:57,719  INFO [main] LogReports:24 - Element not clicked
2019-11-29 18:11:57,723  INFO [main] LogReports:24 - STEP#8: increaseing no of child passesngers
2019-11-29 18:11:57,962  INFO [main] LogReports:24 - Element not clicked
2019-11-29 18:11:58,147  INFO [main] LogReports:24 - Element not clicked
2019-11-29 18:11:58,151  INFO [main] LogReports:24 - STEP#9: click on search button
2019-11-29 18:11:58,348  INFO [main] LogReports:24 - Element not clicked
2019-11-29 18:11:58,350  INFO [main] LogReports:24 - STEP#10: validate searchpage header
2019-11-29 18:11:58,351  INFO [main] LogReports:24 - validating search page
2019-11-29 18:15:39,725  INFO [main] LogReports:24 - Chrome browser launched...
2019-11-29 18:15:43,962  INFO [main] LogReports:24 - Application is open...
2019-11-29 18:15:50,955  INFO [main] LogReports:24 - STEP#1: validate home page
2019-11-29 18:15:50,955  INFO [main] LogReports:24 - validating homepage
2019-11-29 18:15:51,201  INFO [main] LogReports:24 - Successfully validated HOME
2019-11-29 18:15:54,848  INFO [main] LogReports:24 - STEP#3: fetch required destination city from excel
2019-11-29 18:15:54,851  INFO [main] LogReports:24 - STEP#4: enter the destination
2019-11-29 18:15:55,178  INFO [main] LogReports:24 - STEP#5: select checkin date
2019-11-29 18:15:56,433  INFO [main] LogReports:24 - STEP#6: select checkout date
2019-11-29 18:15:56,763  INFO [main] LogReports:24 - STEP#7: increasing no of adult passengers
2019-11-29 18:15:56,915  INFO [main] LogReports:24 - Element not clicked
2019-11-29 18:15:57,018  INFO [main] LogReports:24 - Element not clicked
2019-11-29 18:15:57,020  INFO [main] LogReports:24 - STEP#8: increaseing no of child passesngers
2019-11-29 18:15:57,151  INFO [main] LogReports:24 - Element not clicked
2019-11-29 18:15:57,241  INFO [main] LogReports:24 - Element not clicked
2019-11-29 18:15:57,243  INFO [main] LogReports:24 - STEP#9: click on search button
2019-11-29 18:15:57,384  INFO [main] LogReports:24 - Element not clicked
2019-11-29 18:15:57,386  INFO [main] LogReports:24 - STEP#10: validate searchpage header
2019-11-29 18:15:57,387  INFO [main] LogReports:24 - validating search page
2019-11-29 18:17:47,679  INFO [main] LogReports:24 - Chrome browser launched...
2019-11-29 18:17:51,903  INFO [main] LogReports:24 - Application is open...
2019-11-29 18:17:58,537  INFO [main] LogReports:24 - STEP#1: validate home page
2019-11-29 18:17:58,538  INFO [main] LogReports:24 - validating homepage
2019-11-29 18:17:58,841  INFO [main] LogReports:24 - Successfully validated HOME
2019-11-29 18:18:10,212  INFO [main] LogReports:24 - STEP#3: fetch required destination city from excel
2019-11-29 18:18:10,215  INFO [main] LogReports:24 - STEP#4: enter the destination
2019-11-29 18:18:12,053  INFO [main] LogReports:24 - STEP#5: select checkin date
2019-11-29 18:18:13,325  INFO [main] LogReports:24 - STEP#6: select checkout date
2019-11-29 18:18:13,548  INFO [main] LogReports:24 - STEP#7: increasing no of adult passengers
2019-11-29 18:18:13,820  INFO [main] LogReports:24 - STEP#8: increaseing no of child passesngers
2019-11-29 18:18:14,131  INFO [main] LogReports:24 - STEP#9: click on search button
2019-11-29 18:18:18,395  INFO [main] LogReports:24 - STEP#10: validate searchpage header
2019-11-29 18:18:18,395  INFO [main] LogReports:24 - validating search page
2019-11-29 18:19:15,814  INFO [main] LogReports:24 - Chrome browser launched...
2019-11-29 18:19:20,065  INFO [main] LogReports:24 - Application is open...
2019-11-29 18:19:32,074  INFO [main] LogReports:24 - STEP#1: validate home page
2019-11-29 18:19:32,075  INFO [main] LogReports:24 - validating homepage
2019-11-29 18:19:32,386  INFO [main] LogReports:24 - Successfully validated HOME
2019-11-29 18:19:40,506  INFO [main] LogReports:24 - STEP#3: fetch required destination city from excel
2019-11-29 18:19:40,508  INFO [main] LogReports:24 - STEP#4: enter the destination
2019-11-29 18:19:41,421  INFO [main] LogReports:24 - STEP#5: select checkin date
2019-11-29 18:19:42,820  INFO [main] LogReports:24 - STEP#6: select checkout date
2019-11-29 18:19:43,294  INFO [main] LogReports:24 - STEP#7: increasing no of adult passengers
2019-11-29 18:19:43,676  INFO [main] LogReports:24 - STEP#8: increaseing no of child passesngers
2019-11-29 18:19:43,999  INFO [main] LogReports:24 - STEP#9: click on search button
2019-11-29 18:19:47,524  INFO [main] LogReports:24 - STEP#10: validate searchpage header
2019-11-29 18:19:47,525  INFO [main] LogReports:24 - validating search page
2019-11-29 18:21:02,491  INFO [main] LogReports:24 - Chrome browser launched...
2019-11-29 18:21:06,725  INFO [main] LogReports:24 - Application is open...
2019-11-29 18:21:13,679  INFO [main] LogReports:24 - STEP#1: validate home page
2019-11-29 18:21:13,680  INFO [main] LogReports:24 - validating homepage
2019-11-29 18:21:13,893  INFO [main] LogReports:24 - Successfully validated HOME
2019-11-29 18:21:19,476  INFO [main] LogReports:24 - STEP#3: fetch required destination city from excel
2019-11-29 18:21:19,478  INFO [main] LogReports:24 - STEP#4: enter the destination
2019-11-29 18:21:20,239  INFO [main] LogReports:24 - STEP#5: select checkin date
2019-11-29 18:21:21,305  INFO [main] LogReports:24 - STEP#6: select checkout date
2019-11-29 18:21:21,644  INFO [main] LogReports:24 - STEP#7: increasing no of adult passengers
2019-11-29 18:21:22,004  INFO [main] LogReports:24 - STEP#8: increaseing no of child passesngers
2019-11-29 18:21:22,313  INFO [main] LogReports:24 - STEP#9: click on search button
2019-11-29 18:21:25,310  INFO [main] LogReports:24 - STEP#10: validate searchpage header
2019-11-29 18:21:25,311  INFO [main] LogReports:24 - validating search page
2019-11-29 18:21:25,472  INFO [main] LogReports:24 - Successfully validated Hotels Bangalore
2019-11-29 18:21:25,473  INFO [main] LogReports:24 - STEP#11: click on modify button
2019-11-29 18:21:25,654  INFO [main] LogReports:24 - STEP#12: validate checkin date
2019-11-29 18:21:25,654  INFO [main] LogReports:24 - validating checkindate
2019-11-29 18:31:23,825  INFO [main] LogReports:24 - Chrome browser launched...
2019-11-29 18:31:28,053  INFO [main] LogReports:24 - Application is open...
2019-11-29 18:31:36,655  INFO [main] LogReports:24 - STEP#1: validate home page
2019-11-29 18:31:36,656  INFO [main] LogReports:24 - validating homepage
2019-11-29 18:31:37,144  INFO [main] LogReports:24 - Successfully validated HOME
2019-11-29 18:31:37,144  INFO [main] LogReports:24 - STEP#2: switch to chat widget frame
2019-11-29 18:31:37,308  INFO [main] LogReports:24 - STEP#3: click on chatnow box
2019-11-29 18:31:40,604  INFO [main] LogReports:24 - STEP#4: clickon popup box
2019-11-29 18:31:40,788  INFO [main] LogReports:24 - STEP#5: switch to parent frame
2019-11-29 18:31:42,832  INFO [main] LogReports:24 - STEP#6: mouse on to chat now box
2019-11-29 18:31:43,041  INFO [main] LogReports:24 - STEP#7: click on 'x' button
2019-11-29 18:31:43,177  INFO [main] LogReports:24 - STEP#8: fetch required destination city from excel
2019-11-29 18:31:43,180  INFO [main] LogReports:24 - STEP#9: enter the destination
2019-11-29 18:31:43,961  INFO [main] LogReports:24 - STEP#10: select checkin date
2019-11-29 18:31:44,968  INFO [main] LogReports:24 - STEP#11: select checkout date
2019-11-29 18:31:45,203  INFO [main] LogReports:24 - STEP#12: increasing no of adult passengers
2019-11-29 18:31:45,463  INFO [main] LogReports:24 - STEP#13: increaseing no of child passesngers
2019-11-29 18:31:45,725  INFO [main] LogReports:24 - STEP#14: click on search button
2019-11-29 18:31:48,656  INFO [main] LogReports:24 - STEP#15: validate searchpage header
2019-11-29 18:31:48,656  INFO [main] LogReports:24 - validating search page
2019-11-29 18:31:48,829  INFO [main] LogReports:24 - Successfully validated Hotels Bangalore
2019-11-29 18:31:48,830  INFO [main] LogReports:24 - STEP#16: click on modify button
2019-11-29 18:31:48,983  INFO [main] LogReports:24 - STEP#17: validate checkin date
2019-11-29 18:31:48,984  INFO [main] LogReports:24 - validating checkindate
2019-11-29 18:35:12,511  INFO [main] LogReports:24 - Chrome browser launched...
2019-11-29 18:35:16,733  INFO [main] LogReports:24 - Application is open...
2019-11-29 18:35:22,928  INFO [main] LogReports:24 - STEP#1: validate home page
2019-11-29 18:35:22,930  INFO [main] LogReports:24 - validating homepage
2019-11-29 18:35:23,172  INFO [main] LogReports:24 - Successfully validated HOME
2019-11-29 18:35:23,173  INFO [main] LogReports:24 - STEP#2: switch to chat widget frame
2019-11-29 18:35:23,264  INFO [main] LogReports:24 - STEP#3: click on chatnow box
2019-11-29 18:35:25,839  INFO [main] LogReports:24 - STEP#4: clickon popup box
2019-11-29 18:35:26,042  INFO [main] LogReports:24 - STEP#5: switch to parent frame
2019-11-29 18:35:28,081  INFO [main] LogReports:24 - STEP#6: mouse on to chat now box
2019-11-29 18:35:28,274  INFO [main] LogReports:24 - STEP#7: click on 'x' button
2019-11-29 18:35:28,390  INFO [main] LogReports:24 - STEP#8: fetch required destination city from excel
2019-11-29 18:35:28,392  INFO [main] LogReports:24 - STEP#9: enter the destination
2019-11-29 18:35:29,129  INFO [main] LogReports:24 - STEP#10: select checkin date
2019-11-29 18:35:30,134  INFO [main] LogReports:24 - STEP#11: select checkout date
2019-11-29 18:35:30,334  INFO [main] LogReports:24 - STEP#12: increasing no of adult passengers
2019-11-29 18:35:30,581  INFO [main] LogReports:24 - STEP#13: increaseing no of child passesngers
2019-11-29 18:35:30,843  INFO [main] LogReports:24 - STEP#14: click on search button
2019-11-29 18:35:33,708  INFO [main] LogReports:24 - STEP#15: validate searchpage header
2019-11-29 18:35:33,709  INFO [main] LogReports:24 - validating search page
2019-11-29 18:35:33,886  INFO [main] LogReports:24 - Successfully validated Hotels Bangalore
2019-11-29 18:35:33,887  INFO [main] LogReports:24 - STEP#16: click on modify button
2019-11-29 18:35:34,059  INFO [main] LogReports:24 - STEP#17: validate checkin date
2019-11-29 18:35:34,060  INFO [main] LogReports:24 - validating checkindate
